This is pdfTeX, Version 3.1415926-2.3-1.40.12 (MiKTeX 2.9 64-bit) (preloaded format=pdflatex 2012.9.5)  4 DEC 2012 23:00
entering extended mode
**7nov.tex
("C:\Users\Vio\Desktop\ex. session 1 IMS\7nov.tex"
LaTeX2e <2011/06/27>
Babel <v3.8m> and hyphenation patterns for english, afrikaans, ancientgreek, ar
abic, armenian, assamese, basque, bengali, bokmal, bulgarian, catalan, coptic, 
croatian, czech, danish, dutch, esperanto, estonian, farsi, finnish, french, ga
lician, german, german-x-2009-06-19, greek, gujarati, hindi, hungarian, iceland
ic, indonesian, interlingua, irish, italian, kannada, kurmanji, lao, latin, lat
vian, lithuanian, malayalam, marathi, mongolian, mongolianlmc, monogreek, ngerm
an, ngerman-x-2009-06-19, nynorsk, oriya, panjabi, pinyin, polish, portuguese, 
romanian, russian, sanskrit, serbian, slovak, slovenian, spanish, swedish, swis
sgerman, tamil, telugu, turkish, turkmen, ukenglish, ukrainian, uppersorbian, u
senglishmax, welsh, loaded.
("C:\Program Files\MiKTeX 2.9\tex\latex\base\article.cls"
Document Class: article 2007/10/19 v1.4h Standard LaTeX document class
("C:\Program Files\MiKTeX 2.9\tex\latex\base\size10.clo"
File: size10.clo 2007/10/19 v1.4h Standard LaTeX file (size option)
)
\c@part=\count79
\c@section=\count80
\c@subsection=\count81
\c@subsubsection=\count82
\c@paragraph=\count83
\c@subparagraph=\count84
\c@figure=\count85
\c@table=\count86
\abovecaptionskip=\skip41
\belowcaptionskip=\skip42
\bibindent=\dimen102
)
("C:\Program Files\MiKTeX 2.9\tex\latex\geometry\geometry.sty"
Package: geometry 2010/09/12 v5.6 Page Geometry

("C:\Program Files\MiKTeX 2.9\tex\latex\graphics\keyval.sty"
Package: keyval 1999/03/16 v1.13 key=value parser (DPC)
\KV@toks@=\toks14
)
("C:\Program Files\MiKTeX 2.9\tex\generic\oberdiek\ifpdf.sty"
Package: ifpdf 2011/01/30 v2.3 Provides the ifpdf switch (HO)
Package ifpdf Info: pdfTeX in PDF mode is detected.
)
("C:\Program Files\MiKTeX 2.9\tex\generic\oberdiek\ifvtex.sty"
Package: ifvtex 2010/03/01 v1.5 Detect VTeX and its facilities (HO)
Package ifvtex Info: VTeX not detected.
)
("C:\Program Files\MiKTeX 2.9\tex\generic\ifxetex\ifxetex.sty"
Package: ifxetex 2010/09/12 v0.6 Provides ifxetex conditional
)
\Gm@cnth=\count87
\Gm@cntv=\count88
\c@Gm@tempcnt=\count89
\Gm@bindingoffset=\dimen103
\Gm@wd@mp=\dimen104
\Gm@odd@mp=\dimen105
\Gm@even@mp=\dimen106
\Gm@layoutwidth=\dimen107
\Gm@layoutheight=\dimen108
\Gm@layouthoffset=\dimen109
\Gm@layoutvoffset=\dimen110
\Gm@dimlist=\toks15

("C:\Program Files\MiKTeX 2.9\tex\latex\geometry\geometry.cfg"))
("C:\Program Files\MiKTeX 2.9\tex\latex\ams\math\amsmath.sty"
Package: amsmath 2000/07/18 v2.13 AMS math features
\@mathmargin=\skip43

For additional information on amsmath, use the `?' option.
("C:\Program Files\MiKTeX 2.9\tex\latex\ams\math\amstext.sty"
Package: amstext 2000/06/29 v2.01

("C:\Program Files\MiKTeX 2.9\tex\latex\ams\math\amsgen.sty"
File: amsgen.sty 1999/11/30 v2.0
\@emptytoks=\toks16
\ex@=\dimen111
))
("C:\Program Files\MiKTeX 2.9\tex\latex\ams\math\amsbsy.sty"
Package: amsbsy 1999/11/29 v1.2d
\pmbraise@=\dimen112
)
("C:\Program Files\MiKTeX 2.9\tex\latex\ams\math\amsopn.sty"
Package: amsopn 1999/12/14 v2.01 operator names
)
\inf@bad=\count90
LaTeX Info: Redefining \frac on input line 211.
\uproot@=\count91
\leftroot@=\count92
LaTeX Info: Redefining \overline on input line 307.
\classnum@=\count93
\DOTSCASE@=\count94
LaTeX Info: Redefining \ldots on input line 379.
LaTeX Info: Redefining \dots on input line 382.
LaTeX Info: Redefining \cdots on input line 467.
\Mathstrutbox@=\box26
\strutbox@=\box27
\big@size=\dimen113
LaTeX Font Info:    Redeclaring font encoding OML on input line 567.
LaTeX Font Info:    Redeclaring font encoding OMS on input line 568.
\macc@depth=\count95
\c@MaxMatrixCols=\count96
\dotsspace@=\muskip10
\c@parentequation=\count97
\dspbrk@lvl=\count98
\tag@help=\toks17
\row@=\count99
\column@=\count100
\maxfields@=\count101
\andhelp@=\toks18
\eqnshift@=\dimen114
\alignsep@=\dimen115
\tagshift@=\dimen116
\tagwidth@=\dimen117
\totwidth@=\dimen118
\lineht@=\dimen119
\@envbody=\toks19
\multlinegap=\skip44
\multlinetaggap=\skip45
\mathdisplay@stack=\toks20
LaTeX Info: Redefining \[ on input line 2666.
LaTeX Info: Redefining \] on input line 2667.
)
("C:\Program Files\MiKTeX 2.9\tex\latex\amsfonts\amssymb.sty"
Package: amssymb 2009/06/22 v3.00

("C:\Program Files\MiKTeX 2.9\tex\latex\amsfonts\amsfonts.sty"
Package: amsfonts 2009/06/22 v3.00 Basic AMSFonts support
\symAMSa=\mathgroup4
\symAMSb=\mathgroup5
LaTeX Font Info:    Overwriting math alphabet `\mathfrak' in version `bold'
(Font)                  U/euf/m/n --> U/euf/b/n on input line 96.
))
("C:\Program Files\MiKTeX 2.9\tex\latex\graphics\graphicx.sty"
Package: graphicx 1999/02/16 v1.0f Enhanced LaTeX Graphics (DPC,SPQR)

("C:\Program Files\MiKTeX 2.9\tex\latex\graphics\graphics.sty"
Package: graphics 2009/02/05 v1.0o Standard LaTeX Graphics (DPC,SPQR)

("C:\Program Files\MiKTeX 2.9\tex\latex\graphics\trig.sty"
Package: trig 1999/03/16 v1.09 sin cos tan (DPC)
)
("C:\Program Files\MiKTeX 2.9\tex\latex\00miktex\graphics.cfg"
File: graphics.cfg 2007/01/18 v1.5 graphics configuration of teTeX/TeXLive
)
Package graphics Info: Driver file: pdftex.def on input line 91.

("C:\Program Files\MiKTeX 2.9\tex\latex\pdftex-def\pdftex.def"
File: pdftex.def 2011/05/27 v0.06d Graphics/color for pdfTeX

("C:\Program Files\MiKTeX 2.9\tex\generic\oberdiek\infwarerr.sty"
Package: infwarerr 2010/04/08 v1.3 Providing info/warning/error messages (HO)
)
("C:\Program Files\MiKTeX 2.9\tex\generic\oberdiek\ltxcmds.sty"
Package: ltxcmds 2011/11/09 v1.22 LaTeX kernel commands for general use (HO)
)
\Gread@gobject=\count102
))
\Gin@req@height=\dimen120
\Gin@req@width=\dimen121
)
("C:\Users\Vio\Desktop\ex. session 1 IMS\7nov.aux")
LaTeX Font Info:    Checking defaults for OML/cmm/m/it on input line 9.
LaTeX Font Info:    ... okay on input line 9.
LaTeX Font Info:    Checking defaults for T1/cmr/m/n on input line 9.
LaTeX Font Info:    ... okay on input line 9.
LaTeX Font Info:    Checking defaults for OT1/cmr/m/n on input line 9.
LaTeX Font Info:    ... okay on input line 9.
LaTeX Font Info:    Checking defaults for OMS/cmsy/m/n on input line 9.
LaTeX Font Info:    ... okay on input line 9.
LaTeX Font Info:    Checking defaults for OMX/cmex/m/n on input line 9.
LaTeX Font Info:    ... okay on input line 9.
LaTeX Font Info:    Checking defaults for U/cmr/m/n on input line 9.
LaTeX Font Info:    ... okay on input line 9.

*geometry* driver: auto-detecting
*geometry* detected driver: pdftex
*geometry* verbose mode - [ preamble ] result:
* driver: pdftex
* paper: <default>
* layout: <same size as paper>
* layoutoffset:(h,v)=(0.0pt,0.0pt)
* modes: 
* h-part:(L,W,R)=(72.26999pt, 469.75502pt, 72.26999pt)
* v-part:(T,H,B)=(72.26999pt, 650.43001pt, 72.26999pt)
* \paperwidth=614.295pt
* \paperheight=794.96999pt
* \textwidth=469.75502pt
* \textheight=650.43001pt
* \oddsidemargin=0.0pt
* \evensidemargin=0.0pt
* \topmargin=-37.0pt
* \headheight=12.0pt
* \headsep=25.0pt
* \topskip=10.0pt
* \footskip=30.0pt
* \marginparwidth=65.0pt
* \marginparsep=11.0pt
* \columnsep=10.0pt
* \skip\footins=9.0pt plus 4.0pt minus 2.0pt
* \hoffset=0.0pt
* \voffset=0.0pt
* \mag=1000
* \@twocolumnfalse
* \@twosidefalse
* \@mparswitchfalse
* \@reversemarginfalse
* (1in=72.27pt=25.4mm, 1cm=28.453pt)

("C:\Program Files\MiKTeX 2.9\tex\context\base\supp-pdf.mkii"
[Loading MPS to PDF converter (version 2006.09.02).]
\scratchcounter=\count103
\scratchdimen=\dimen122
\scratchbox=\box28
\nofMPsegments=\count104
\nofMParguments=\count105
\everyMPshowfont=\toks21
\MPscratchCnt=\count106
\MPscratchDim=\dimen123
\MPnumerator=\count107
\makeMPintoPDFobject=\count108
\everyMPtoPDFconversion=\toks22
)
LaTeX Font Info:    Try loading font information for U+msa on input line 13.
 ("C:\Program Files\MiKTeX 2.9\tex\latex\amsfonts\umsa.fd"
File: umsa.fd 2009/06/22 v3.00 AMS symbols A
)
LaTeX Font Info:    Try loading font information for U+msb on input line 13.

("C:\Program Files\MiKTeX 2.9\tex\latex\amsfonts\umsb.fd"
File: umsb.fd 2009/06/22 v3.00 AMS symbols B
)
<b1.jpg, id=1, 459.8781pt x 496.254pt>
File: b1.jpg Graphic file (type jpg)
 <use b1.jpg>
Package pdftex.def Info: b1.jpg used on input line 34.
(pdftex.def)             Requested size: 187.89914pt x 202.76123pt.
 [1

{C:/ProgramData/MiKTeX/2.9/pdftex/config/pdftex.map} <C:/Users/Vio/Desktop/ex. 
session 1 IMS/b1.jpg>]
<c.jpg, id=12, 459.8781pt x 496.254pt>
File: c.jpg Graphic file (type jpg)
 <use c.jpg>
Package pdftex.def Info: c.jpg used on input line 43.
(pdftex.def)             Requested size: 187.89914pt x 202.76123pt.

<e.jpg, id=13, 459.8781pt x 496.254pt>
File: e.jpg Graphic file (type jpg)
 <use e.jpg>
Package pdftex.def Info: e.jpg used on input line 51.
(pdftex.def)             Requested size: 187.89914pt x 202.76123pt.
 [2 <C:/Users/Vio/Desktop/ex. session 1 IMS/c.jpg> <C:/Users/Vio/Desktop/ex. se
ssion 1 IMS/e.jpg>]
<2b.jpg, id=17, 459.8781pt x 496.254pt>
File: 2b.jpg Graphic file (type jpg)
 <use 2b.jpg>
Package pdftex.def Info: 2b.jpg used on input line 73.
(pdftex.def)             Requested size: 187.89914pt x 202.76123pt.

<2d.jpg, id=18, 459.8781pt x 496.254pt>
File: 2d.jpg Graphic file (type jpg)
 <use 2d.jpg>
Package pdftex.def Info: 2d.jpg used on input line 83.
(pdftex.def)             Requested size: 187.89914pt x 202.76123pt.
 [3 <C:/Users/Vio/Desktop/ex. session 1 IMS/2b.jpg>] <2f.jpg, id=25, 459.8781pt
 x 496.254pt>
File: 2f.jpg Graphic file (type jpg)
 <use 2f.jpg>
Package pdftex.def Info: 2f.jpg used on input line 93.
(pdftex.def)             Requested size: 187.89914pt x 202.76123pt.

Underfull \hbox (badness 10000) in paragraph at lines 95--97

 []

[4 <C:/Users/Vio/Desktop/ex. session 1 IMS/2d.jpg> <C:/Users/Vio/Desktop/ex. se
ssion 1 IMS/2f.jpg>] <2h.jpg, id=29, 459.8781pt x 496.254pt>
File: 2h.jpg Graphic file (type jpg)
 <use 2h.jpg>
Package pdftex.def Info: 2h.jpg used on input line 103.
(pdftex.def)             Requested size: 187.89914pt x 202.76123pt.

<2i.jpg, id=30, 459.8781pt x 496.254pt>
File: 2i.jpg Graphic file (type jpg)
 <use 2i.jpg>
Package pdftex.def Info: 2i.jpg used on input line 107.
(pdftex.def)             Requested size: 187.89914pt x 202.76123pt.

<2j.jpg, id=31, 459.8781pt x 496.254pt>
File: 2j.jpg Graphic file (type jpg)
 <use 2j.jpg>
Package pdftex.def Info: 2j.jpg used on input line 111.
(pdftex.def)             Requested size: 187.89914pt x 202.76123pt.
 [5 <C:/Users/Vio/Desktop/ex. session 1 IMS/2h.jpg> <C:/Users/Vio/Desktop/ex. s
ession 1 IMS/2i.jpg>]
<2l.jpg, id=35, 459.8781pt x 496.254pt>
File: 2l.jpg Graphic file (type jpg)
 <use 2l.jpg>
Package pdftex.def Info: 2l.jpg used on input line 120.
(pdftex.def)             Requested size: 187.89914pt x 202.76123pt.

<2m.jpg, id=36, 459.8781pt x 496.254pt>
File: 2m.jpg Graphic file (type jpg)
 <use 2m.jpg>
Package pdftex.def Info: 2m.jpg used on input line 124.
(pdftex.def)             Requested size: 187.89914pt x 202.76123pt.
 [6 <C:/Users/Vio/Desktop/ex. session 1 IMS/2j.jpg> <C:/Users/Vio/Desktop/ex. s
ession 1 IMS/2l.jpg>]
<2n.jpg, id=40, 459.8781pt x 496.254pt>
File: 2n.jpg Graphic file (type jpg)
 <use 2n.jpg>
Package pdftex.def Info: 2n.jpg used on input line 133.
(pdftex.def)             Requested size: 187.89914pt x 202.76123pt.

<2o.jpg, id=41, 459.8781pt x 496.254pt>
File: 2o.jpg Graphic file (type jpg)
 <use 2o.jpg>
Package pdftex.def Info: 2o.jpg used on input line 137.
(pdftex.def)             Requested size: 187.89914pt x 202.76123pt.
 [7 <C:/Users/Vio/Desktop/ex. session 1 IMS/2m.jpg> <C:/Users/Vio/Desktop/ex. s
ession 1 IMS/2n.jpg>]
<2p.jpg, id=46, 459.8781pt x 496.254pt>
File: 2p.jpg Graphic file (type jpg)
 <use 2p.jpg>
Package pdftex.def Info: 2p.jpg used on input line 141.
(pdftex.def)             Requested size: 187.89914pt x 202.76123pt.

Underfull \hbox (badness 10000) in paragraph at lines 153--156

 []

<rgbcube.jpg, id=47, 341.77687pt x 322.95656pt>
File: rgbcube.jpg Graphic file (type jpg)
 <use rgbcube.jpg>
Package pdftex.def Info: rgbcube.jpg used on input line 157.
(pdftex.def)             Requested size: 187.89914pt x 177.55766pt.
 [8 <C:/Users/Vio/Desktop/ex. session 1 IMS/2o.jpg> <C:/Users/Vio/Desktop/ex. s
ession 1 IMS/2p.jpg>]
Underfull \hbox (badness 10000) in paragraph at lines 165--168

 []

[9 <C:/Users/Vio/Desktop/ex. session 1 IMS/rgbcube.jpg>]
("C:\Users\Vio\Desktop\ex. session 1 IMS\7nov.aux") ) 
Here is how much of TeX's memory you used:
 2583 strings out of 494045
 32711 string characters out of 3148394
 93745 words of memory out of 3000000
 5850 multiletter control sequences out of 15000+200000
 10888 words of font info for 43 fonts, out of 3000000 for 9000
 715 hyphenation exceptions out of 8191
 27i,10n,32p,221b,197s stack positions out of 5000i,500n,10000p,200000b,50000s
<C:/Program Files/MiKTeX 2
.9/fonts/type1/public/amsfonts/cm/cmbx12.pfb><C:/Program Files/MiKTeX 2.9/fonts
/type1/public/amsfonts/cm/cmex10.pfb><C:/Program Files/MiKTeX 2.9/fonts/type1/p
ublic/amsfonts/cm/cmmi10.pfb><C:/Program Files/MiKTeX 2.9/fonts/type1/public/am
sfonts/cm/cmmi7.pfb><C:/Program Files/MiKTeX 2.9/fonts/type1/public/amsfonts/cm
/cmr10.pfb><C:/Program Files/MiKTeX 2.9/fonts/type1/public/amsfonts/cm/cmr12.pf
b><C:/Program Files/MiKTeX 2.9/fonts/type1/public/amsfonts/cm/cmr17.pfb><C:/Pro
gram Files/MiKTeX 2.9/fonts/type1/public/amsfonts/cm/cmr7.pfb><C:/Program Files
/MiKTeX 2.9/fonts/type1/public/amsfonts/cm/cmsy10.pfb>
Output written on 7nov.pdf (9 pages, 8850207 bytes).
PDF statistics:
 83 PDF objects out of 1000 (max. 8388607)
 0 named destinations out of 1000 (max. 500000)
 76 words of extra memory for PDF output out of 10000 (max. 10000000)

